d:\myproject\vcgtolibigl\vcgtolibigl\x64\debug\vc143.pdb
d:\myproject\vcgtolibigl\vcgtolibigl\x64\debug\vc143.idb
d:\myproject\vcgtolibigl\vcgtolibigl\x64\debug\transmesh.obj
d:\myproject\vcgtolibigl\vcgtolibigl\x64\debug\marchingcubes.obj
d:\myproject\vcgtolibigl\vcgtolibigl\x64\debug\geometry.obj
d:\myproject\vcgtolibigl\vcgtolibigl\x64\debug\factor.obj
d:\myproject\vcgtolibigl\vcgtolibigl\x64\debug\splitmesh.obj
d:\myproject\vcgtolibigl\vcgtolibigl\x64\debug\mymesh.obj
d:\myproject\vcgtolibigl\vcgtolibigl\x64\debug\meshreconstruction.obj
d:\myproject\vcgtolibigl\vcgtolibigl\x64\debug\meshclipping.obj
d:\myproject\vcgtolibigl\vcgtolibigl\x64\debug\convexhull.obj
d:\myproject\vcgtolibigl\vcgtolibigl\x64\debug\plylib.obj
d:\myproject\vcgtolibigl\x64\debug\vcgtolibigl.pdb
d:\myproject\vcgtolibigl\vcgtolibigl\x64\debug\vcgtolibigl.tlog\cl.command.1.tlog
d:\myproject\vcgtolibigl\vcgtolibigl\x64\debug\vcgtolibigl.tlog\cl.read.1.tlog
d:\myproject\vcgtolibigl\vcgtolibigl\x64\debug\vcgtolibigl.tlog\cl.write.1.tlog
d:\myproject\vcgtolibigl\vcgtolibigl\x64\debug\vcgtolibigl.tlog\link-cvtres.read.1.tlog
d:\myproject\vcgtolibigl\vcgtolibigl\x64\debug\vcgtolibigl.tlog\link-cvtres.write.1.tlog
d:\myproject\vcgtolibigl\vcgtolibigl\x64\debug\vcgtolibigl.tlog\link-rc.read.1.tlog
d:\myproject\vcgtolibigl\vcgtolibigl\x64\debug\vcgtolibigl.tlog\link-rc.write.1.tlog
d:\myproject\vcgtolibigl\vcgtolibigl\x64\debug\vcgtolibigl.tlog\link.command.1.tlog
d:\myproject\vcgtolibigl\vcgtolibigl\x64\debug\vcgtolibigl.tlog\link.read.1.tlog
d:\myproject\vcgtolibigl\vcgtolibigl\x64\debug\vcgtolibigl.tlog\link.read.2.tlog
d:\myproject\vcgtolibigl\vcgtolibigl\x64\debug\vcgtolibigl.tlog\link.write.1.tlog
