d:\myproject\vcgtolibigl\vcgtolibigl\x64\release\vc143.pdb
d:\myproject\vcgtolibigl\vcgtolibigl\x64\release\meshreconstruction.obj
d:\myproject\vcgtolibigl\vcgtolibigl\x64\release\meshclipping.obj
d:\myproject\vcgtolibigl\vcgtolibigl\x64\release\transmesh.obj
d:\myproject\vcgtolibigl\vcgtolibigl\x64\release\marchingcubes.obj
d:\myproject\vcgtolibigl\vcgtolibigl\x64\release\geometry.obj
d:\myproject\vcgtolibigl\vcgtolibigl\x64\release\factor.obj
d:\myproject\vcgtolibigl\vcgtolibigl\x64\release\splitmesh.obj
d:\myproject\vcgtolibigl\vcgtolibigl\x64\release\mymesh.obj
d:\myproject\vcgtolibigl\vcgtolibigl\x64\release\convexhull.obj
d:\myproject\vcgtolibigl\vcgtolibigl\x64\release\plylib.obj
d:\myproject\vcgtolibigl\x64\release\vcgtolibigl.exe
d:\myproject\vcgtolibigl\x64\release\vcgtolibigl.pdb
d:\myproject\vcgtolibigl\vcgtolibigl\x64\release\vcgtolibigl.ipdb
d:\myproject\vcgtolibigl\vcgtolibigl\x64\release\vcgtolibigl.iobj
d:\myproject\vcgtolibigl\vcgtolibigl\x64\release\vcgtolibigl.tlog\cl.command.1.tlog
d:\myproject\vcgtolibigl\vcgtolibigl\x64\release\vcgtolibigl.tlog\cl.items.tlog
d:\myproject\vcgtolibigl\vcgtolibigl\x64\release\vcgtolibigl.tlog\cl.read.1.tlog
d:\myproject\vcgtolibigl\vcgtolibigl\x64\release\vcgtolibigl.tlog\cl.write.1.tlog
d:\myproject\vcgtolibigl\vcgtolibigl\x64\release\vcgtolibigl.tlog\link.command.1.tlog
d:\myproject\vcgtolibigl\vcgtolibigl\x64\release\vcgtolibigl.tlog\link.read.1.tlog
d:\myproject\vcgtolibigl\vcgtolibigl\x64\release\vcgtolibigl.tlog\link.secondary.1.tlog
d:\myproject\vcgtolibigl\vcgtolibigl\x64\release\vcgtolibigl.tlog\link.write.1.tlog
